{"C:\\Users\\Enrique\\Documents\\PROGRAMACION\\Express JS\\payment-control\\src\\config\\database.js": {"path":"C:\\Users\\Enrique\\Documents\\PROGRAMACION\\Express JS\\payment-control\\src\\config\\database.js","statementMap":{"0":{"start":{"line":1,"column":0},"end":{"line":1,"column":27}},"1":{"start":{"line":3,"column":0},"end":{"line":26,"column":2}}},"fnMap":{},"branchMap":{},"s":{"0":1,"1":1},"f":{},"b":{},"_coverageSchema":"1a1c01bbd47fc00a2c39e90264f33305004495a9","hash":"30ae36e3f466a834fa39dd231db6351cc448a7e3"}
,"C:\\Users\\Enrique\\Documents\\PROGRAMACION\\Express JS\\payment-control\\src\\config\\logger.js": {"path":"C:\\Users\\Enrique\\Documents\\PROGRAMACION\\Express JS\\payment-control\\src\\config\\logger.js","statementMap":{"0":{"start":{"line":1,"column":16},"end":{"line":1,"column":34}},"1":{"start":{"line":2,"column":13},"end":{"line":2,"column":28}},"2":{"start":{"line":7,"column":15},"end":{"line":17,"column":2}},"3":{"start":{"line":21,"column":0},"end":{"line":25,"column":1}},"4":{"start":{"line":22,"column":2},"end":{"line":24,"column":6}},"5":{"start":{"line":27,"column":0},"end":{"line":27,"column":24}}},"fnMap":{},"branchMap":{"0":{"loc":{"start":{"line":21,"column":0},"end":{"line":25,"column":1}},"type":"if","locations":[{"start":{"line":21,"column":0},"end":{"line":25,"column":1}},{"start":{},"end":{}}],"line":21}},"s":{"0":1,"1":1,"2":1,"3":1,"4":1,"5":1},"f":{},"b":{"0":[1,0]},"_coverageSchema":"1a1c01bbd47fc00a2c39e90264f33305004495a9","hash":"2af537efdf483b94f4aca7394698a47d48af4f59"}
,"C:\\Users\\Enrique\\Documents\\PROGRAMACION\\Express JS\\payment-control\\src\\controllers\\auth.controller.js": {"path":"C:\\Users\\Enrique\\Documents\\PROGRAMACION\\Express JS\\payment-control\\src\\controllers\\auth.controller.js","statementMap":{"0":{"start":{"line":1,"column":17},"end":{"line":1,"column":37}},"1":{"start":{"line":2,"column":15},"end":{"line":2,"column":34}},"2":{"start":{"line":3,"column":12},"end":{"line":3,"column":35}},"3":{"start":{"line":4,"column":15},"end":{"line":4,"column":42}},"4":{"start":{"line":11,"column":22},"end":{"line":15,"column":1}},"5":{"start":{"line":12,"column":2},"end":{"line":14,"column":5}},"6":{"start":{"line":22,"column":17},"end":{"line":70,"column":1}},"7":{"start":{"line":23,"column":2},"end":{"line":69,"column":3}},"8":{"start":{"line":24,"column":53},"end":{"line":24,"column":61}},"9":{"start":{"line":27,"column":23},"end":{"line":27,"column":63}},"10":{"start":{"line":28,"column":4},"end":{"line":30,"column":5}},"11":{"start":{"line":29,"column":6},"end":{"line":29,"column":87}},"12":{"start":{"line":33,"column":17},"end":{"line":33,"column":41}},"13":{"start":{"line":34,"column":27},"end":{"line":34,"column":60}},"14":{"start":{"line":37,"column":17},"end":{"line":42,"column":6}},"15":{"start":{"line":45,"column":4},"end":{"line":65,"column":5}},"16":{"start":{"line":47,"column":22},"end":{"line":50,"column":7}},"17":{"start":{"line":52,"column":6},"end":{"line":62,"column":9}},"18":{"start":{"line":64,"column":6},"end":{"line":64,"column":78}},"19":{"start":{"line":67,"column":4},"end":{"line":67,"column":53}},"20":{"start":{"line":68,"column":4},"end":{"line":68,"column":71}},"21":{"start":{"line":77,"column":14},"end":{"line":110,"column":1}},"22":{"start":{"line":78,"column":2},"end":{"line":109,"column":3}},"23":{"start":{"line":79,"column":32},"end":{"line":79,"column":40}},"24":{"start":{"line":82,"column":17},"end":{"line":82,"column":79}},"25":{"start":{"line":85,"column":4},"end":{"line":105,"column":5}},"26":{"start":{"line":87,"column":22},"end":{"line":90,"column":7}},"27":{"start":{"line":92,"column":6},"end":{"line":102,"column":9}},"28":{"start":{"line":104,"column":6},"end":{"line":104,"column":86}},"29":{"start":{"line":107,"column":4},"end":{"line":107,"column":50}},"30":{"start":{"line":108,"column":4},"end":{"line":108,"column":71}},"31":{"start":{"line":112,"column":0},"end":{"line":115,"column":2}}},"fnMap":{"0":{"name":"(anonymous_0)","decl":{"start":{"line":11,"column":22},"end":{"line":11,"column":23}},"loc":{"start":{"line":11,"column":35},"end":{"line":15,"column":1}},"line":11},"1":{"name":"(anonymous_1)","decl":{"start":{"line":22,"column":17},"end":{"line":22,"column":18}},"loc":{"start":{"line":22,"column":37},"end":{"line":70,"column":1}},"line":22},"2":{"name":"(anonymous_2)","decl":{"start":{"line":77,"column":14},"end":{"line":77,"column":15}},"loc":{"start":{"line":77,"column":34},"end":{"line":110,"column":1}},"line":77}},"branchMap":{"0":{"loc":{"start":{"line":28,"column":4},"end":{"line":30,"column":5}},"type":"if","locations":[{"start":{"line":28,"column":4},"end":{"line":30,"column":5}},{"start":{},"end":{}}],"line":28},"1":{"loc":{"start":{"line":45,"column":4},"end":{"line":65,"column":5}},"type":"if","locations":[{"start":{"line":45,"column":4},"end":{"line":65,"column":5}},{"start":{"line":63,"column":11},"end":{"line":65,"column":5}}],"line":45},"2":{"loc":{"start":{"line":85,"column":4},"end":{"line":105,"column":5}},"type":"if","locations":[{"start":{"line":85,"column":4},"end":{"line":105,"column":5}},{"start":{"line":103,"column":11},"end":{"line":105,"column":5}}],"line":85},"3":{"loc":{"start":{"line":85,"column":8},"end":{"line":85,"column":63}},"type":"binary-expr","locations":[{"start":{"line":85,"column":8},"end":{"line":85,"column":12}},{"start":{"line":85,"column":17},"end":{"line":85,"column":62}}],"line":85}},"s":{"0":1,"1":1,"2":1,"3":1,"4":1,"5":2,"6":1,"7":3,"8":3,"9":3,"10":2,"11":1,"12":1,"13":1,"14":1,"15":1,"16":1,"17":1,"18":0,"19":1,"20":1,"21":1,"22":2,"23":2,"24":2,"25":2,"26":1,"27":1,"28":1,"29":0,"30":0,"31":1},"f":{"0":2,"1":3,"2":2},"b":{"0":[1,1],"1":[1,0],"2":[1,1],"3":[2,1]},"_coverageSchema":"1a1c01bbd47fc00a2c39e90264f33305004495a9","hash":"4ea66cdf4a5dc0196acb27a0a578fd7a5d5f2ea0"}
,"C:\\Users\\Enrique\\Documents\\PROGRAMACION\\Express JS\\payment-control\\src\\middlewares\\validate.middleware.js": {"path":"C:\\Users\\Enrique\\Documents\\PROGRAMACION\\Express JS\\payment-control\\src\\middlewares\\validate.middleware.js","statementMap":{"0":{"start":{"line":1,"column":29},"end":{"line":1,"column":57}},"1":{"start":{"line":3,"column":17},"end":{"line":12,"column":1}},"2":{"start":{"line":4,"column":17},"end":{"line":4,"column":38}},"3":{"start":{"line":5,"column":2},"end":{"line":10,"column":3}},"4":{"start":{"line":6,"column":4},"end":{"line":9,"column":7}},"5":{"start":{"line":11,"column":2},"end":{"line":11,"column":9}},"6":{"start":{"line":14,"column":0},"end":{"line":14,"column":26}}},"fnMap":{"0":{"name":"(anonymous_0)","decl":{"start":{"line":3,"column":17},"end":{"line":3,"column":18}},"loc":{"start":{"line":3,"column":37},"end":{"line":12,"column":1}},"line":3}},"branchMap":{"0":{"loc":{"start":{"line":5,"column":2},"end":{"line":10,"column":3}},"type":"if","locations":[{"start":{"line":5,"column":2},"end":{"line":10,"column":3}},{"start":{},"end":{}}],"line":5}},"s":{"0":1,"1":1,"2":2,"3":2,"4":1,"5":1,"6":1},"f":{"0":2},"b":{"0":[1,1]},"_coverageSchema":"1a1c01bbd47fc00a2c39e90264f33305004495a9","hash":"6033f199182d3b990fdc393d8c850f4dde7450df"}
,"C:\\Users\\Enrique\\Documents\\PROGRAMACION\\Express JS\\payment-control\\src\\models\\factura.model.js": {"path":"C:\\Users\\Enrique\\Documents\\PROGRAMACION\\Express JS\\payment-control\\src\\models\\factura.model.js","statementMap":{"0":{"start":{"line":1,"column":22},"end":{"line":1,"column":42}},"1":{"start":{"line":3,"column":0},"end":{"line":67,"column":2}},"2":{"start":{"line":4,"column":18},"end":{"line":57,"column":4}},"3":{"start":{"line":59,"column":2},"end":{"line":64,"column":4}},"4":{"start":{"line":60,"column":4},"end":{"line":63,"column":7}},"5":{"start":{"line":66,"column":2},"end":{"line":66,"column":17}}},"fnMap":{"0":{"name":"(anonymous_0)","decl":{"start":{"line":3,"column":17},"end":{"line":3,"column":18}},"loc":{"start":{"line":3,"column":32},"end":{"line":67,"column":1}},"line":3},"1":{"name":"(anonymous_1)","decl":{"start":{"line":59,"column":22},"end":{"line":59,"column":23}},"loc":{"start":{"line":59,"column":34},"end":{"line":64,"column":3}},"line":59}},"branchMap":{},"s":{"0":1,"1":1,"2":1,"3":1,"4":1,"5":1},"f":{"0":1,"1":1},"b":{},"_coverageSchema":"1a1c01bbd47fc00a2c39e90264f33305004495a9","hash":"2da4ff8349b745f79d74d9e9ba3383cbce885796"}
,"C:\\Users\\Enrique\\Documents\\PROGRAMACION\\Express JS\\payment-control\\src\\models\\index.js": {"path":"C:\\Users\\Enrique\\Documents\\PROGRAMACION\\Express JS\\payment-control\\src\\models\\index.js","statementMap":{"0":{"start":{"line":1,"column":11},"end":{"line":1,"column":24}},"1":{"start":{"line":2,"column":13},"end":{"line":2,"column":28}},"2":{"start":{"line":3,"column":18},"end":{"line":3,"column":38}},"3":{"start":{"line":4,"column":16},"end":{"line":4,"column":34}},"4":{"start":{"line":5,"column":17},"end":{"line":5,"column":42}},"5":{"start":{"line":6,"column":12},"end":{"line":6,"column":49}},"6":{"start":{"line":7,"column":15},"end":{"line":7,"column":49}},"7":{"start":{"line":8,"column":11},"end":{"line":8,"column":13}},"8":{"start":{"line":11,"column":0},"end":{"line":15,"column":1}},"9":{"start":{"line":12,"column":2},"end":{"line":12,"column":74}},"10":{"start":{"line":14,"column":2},"end":{"line":14,"column":87}},"11":{"start":{"line":17,"column":0},"end":{"line":31,"column":5}},"12":{"start":{"line":20,"column":4},"end":{"line":25,"column":6}},"13":{"start":{"line":29,"column":18},"end":{"line":29,"column":85}},"14":{"start":{"line":30,"column":4},"end":{"line":30,"column":27}},"15":{"start":{"line":33,"column":0},"end":{"line":37,"column":3}},"16":{"start":{"line":34,"column":2},"end":{"line":36,"column":3}},"17":{"start":{"line":35,"column":4},"end":{"line":35,"column":32}},"18":{"start":{"line":39,"column":0},"end":{"line":39,"column":25}},"19":{"start":{"line":40,"column":0},"end":{"line":40,"column":25}},"20":{"start":{"line":42,"column":0},"end":{"line":42,"column":20}}},"fnMap":{"0":{"name":"(anonymous_0)","decl":{"start":{"line":19,"column":10},"end":{"line":19,"column":11}},"loc":{"start":{"line":19,"column":18},"end":{"line":26,"column":3}},"line":19},"1":{"name":"(anonymous_1)","decl":{"start":{"line":27,"column":11},"end":{"line":27,"column":12}},"loc":{"start":{"line":27,"column":19},"end":{"line":31,"column":3}},"line":27},"2":{"name":"(anonymous_2)","decl":{"start":{"line":33,"column":24},"end":{"line":33,"column":25}},"loc":{"start":{"line":33,"column":37},"end":{"line":37,"column":1}},"line":33}},"branchMap":{"0":{"loc":{"start":{"line":6,"column":12},"end":{"line":6,"column":49}},"type":"binary-expr","locations":[{"start":{"line":6,"column":12},"end":{"line":6,"column":32}},{"start":{"line":6,"column":36},"end":{"line":6,"column":49}}],"line":6},"1":{"loc":{"start":{"line":11,"column":0},"end":{"line":15,"column":1}},"type":"if","locations":[{"start":{"line":11,"column":0},"end":{"line":15,"column":1}},{"start":{"line":13,"column":7},"end":{"line":15,"column":1}}],"line":11},"2":{"loc":{"start":{"line":21,"column":6},"end":{"line":24,"column":37}},"type":"binary-expr","locations":[{"start":{"line":21,"column":6},"end":{"line":21,"column":29}},{"start":{"line":22,"column":6},"end":{"line":22,"column":23}},{"start":{"line":23,"column":6},"end":{"line":23,"column":30}},{"start":{"line":24,"column":6},"end":{"line":24,"column":37}}],"line":21},"3":{"loc":{"start":{"line":34,"column":2},"end":{"line":36,"column":3}},"type":"if","locations":[{"start":{"line":34,"column":2},"end":{"line":36,"column":3}},{"start":{},"end":{}}],"line":34}},"s":{"0":1,"1":1,"2":1,"3":1,"4":1,"5":1,"6":1,"7":1,"8":1,"9":0,"10":1,"11":1,"12":3,"13":2,"14":2,"15":1,"16":2,"17":2,"18":1,"19":1,"20":1},"f":{"0":3,"1":2,"2":2},"b":{"0":[1,0],"1":[0,1],"2":[3,3,2,2],"3":[2,0]},"_coverageSchema":"1a1c01bbd47fc00a2c39e90264f33305004495a9","hash":"8190756745be962eb69c87a0520c52cc5c7311ce"}
,"C:\\Users\\Enrique\\Documents\\PROGRAMACION\\Express JS\\payment-control\\src\\models\\user.model.js": {"path":"C:\\Users\\Enrique\\Documents\\PROGRAMACION\\Express JS\\payment-control\\src\\models\\user.model.js","statementMap":{"0":{"start":{"line":1,"column":22},"end":{"line":1,"column":42}},"1":{"start":{"line":2,"column":15},"end":{"line":2,"column":34}},"2":{"start":{"line":4,"column":0},"end":{"line":78,"column":2}},"3":{"start":{"line":5,"column":15},"end":{"line":67,"column":4}},"4":{"start":{"line":69,"column":2},"end":{"line":75,"column":4}},"5":{"start":{"line":70,"column":4},"end":{"line":74,"column":7}},"6":{"start":{"line":77,"column":2},"end":{"line":77,"column":14}}},"fnMap":{"0":{"name":"(anonymous_0)","decl":{"start":{"line":4,"column":17},"end":{"line":4,"column":18}},"loc":{"start":{"line":4,"column":32},"end":{"line":78,"column":1}},"line":4},"1":{"name":"(anonymous_1)","decl":{"start":{"line":69,"column":19},"end":{"line":69,"column":20}},"loc":{"start":{"line":69,"column":31},"end":{"line":75,"column":3}},"line":69}},"branchMap":{},"s":{"0":1,"1":1,"2":1,"3":1,"4":1,"5":1,"6":1},"f":{"0":1,"1":1},"b":{},"_coverageSchema":"1a1c01bbd47fc00a2c39e90264f33305004495a9","hash":"fecaa3ea8d883c16079f74dff6b721b864e20b54"}
}
