TN:
SF:src\config\database.js
FNF:0
FNH:0
DA:1,1
DA:3,1
LF:2
LH:2
BRF:0
BRH:0
end_of_record
TN:
SF:src\config\logger.js
FNF:0
FNH:0
DA:1,1
DA:2,1
DA:7,1
DA:21,1
DA:22,1
DA:27,1
LF:6
LH:6
BRDA:21,0,0,1
BRDA:21,0,1,0
BRF:2
BRH:1
end_of_record
TN:
SF:src\controllers\auth.controller.js
FN:11,(anonymous_0)
FN:22,(anonymous_1)
FN:77,(anonymous_2)
FNF:3
FNH:3
FNDA:2,(anonymous_0)
FNDA:3,(anonymous_1)
FNDA:2,(anonymous_2)
DA:1,1
DA:2,1
DA:3,1
DA:4,1
DA:11,1
DA:12,2
DA:22,1
DA:23,3
DA:24,3
DA:27,3
DA:28,2
DA:29,1
DA:33,1
DA:34,1
DA:37,1
DA:45,1
DA:47,1
DA:52,1
DA:64,0
DA:67,1
DA:68,1
DA:77,1
DA:78,2
DA:79,2
DA:82,2
DA:85,2
DA:87,1
DA:92,1
DA:104,1
DA:107,0
DA:108,0
DA:112,1
LF:32
LH:29
BRDA:28,0,0,1
BRDA:28,0,1,1
BRDA:45,1,0,1
BRDA:45,1,1,0
BRDA:85,2,0,1
BRDA:85,2,1,1
BRDA:85,3,0,2
BRDA:85,3,1,1
BRF:8
BRH:7
end_of_record
TN:
SF:src\middlewares\validate.middleware.js
FN:3,(anonymous_0)
FNF:1
FNH:1
FNDA:2,(anonymous_0)
DA:1,1
DA:3,1
DA:4,2
DA:5,2
DA:6,1
DA:11,1
DA:14,1
LF:7
LH:7
BRDA:5,0,0,1
BRDA:5,0,1,1
BRF:2
BRH:2
end_of_record
TN:
SF:src\models\factura.model.js
FN:3,(anonymous_0)
FN:59,(anonymous_1)
FNF:2
FNH:2
FNDA:1,(anonymous_0)
FNDA:1,(anonymous_1)
DA:1,1
DA:3,1
DA:4,1
DA:59,1
DA:60,1
DA:66,1
LF:6
LH:6
BRF:0
BRH:0
end_of_record
TN:
SF:src\models\index.js
FN:19,(anonymous_0)
FN:27,(anonymous_1)
FN:33,(anonymous_2)
FNF:3
FNH:3
FNDA:3,(anonymous_0)
FNDA:2,(anonymous_1)
FNDA:2,(anonymous_2)
DA:1,1
DA:2,1
DA:3,1
DA:4,1
DA:5,1
DA:6,1
DA:7,1
DA:8,1
DA:11,1
DA:12,0
DA:14,1
DA:17,1
DA:20,3
DA:29,2
DA:30,2
DA:33,1
DA:34,2
DA:35,2
DA:39,1
DA:40,1
DA:42,1
LF:21
LH:20
BRDA:6,0,0,1
BRDA:6,0,1,0
BRDA:11,1,0,0
BRDA:11,1,1,1
BRDA:21,2,0,3
BRDA:21,2,1,3
BRDA:21,2,2,2
BRDA:21,2,3,2
BRDA:34,3,0,2
BRDA:34,3,1,0
BRF:10
BRH:7
end_of_record
TN:
SF:src\models\user.model.js
FN:4,(anonymous_0)
FN:69,(anonymous_1)
FNF:2
FNH:2
FNDA:1,(anonymous_0)
FNDA:1,(anonymous_1)
DA:1,1
DA:2,1
DA:4,1
DA:5,1
DA:69,1
DA:70,1
DA:77,1
LF:7
LH:7
BRF:0
BRH:0
end_of_record
